<?xml version="1.0" encoding="UTF-8"?>
<testsuite xmlns:xsi="http://www.w3.org/2001/XMLSchema-instance" xsi:noNamespaceSchemaLocation="https://maven.apache.org/surefire/maven-surefire-plugin/xsd/surefire-test-report-3.0.xsd" version="3.0" name="org.kata.stringcalculator.StringCalculatorTest" time="0.075" tests="10" errors="0" skipped="0" failures="0">
  <properties>
[...]
</properties>
  <testcase name="shouldReturnFloatNumberWithIgnoredValue_whenPassNumberGreaterThan1000" classname="org.kata.stringcalculator.StringCalculatorTest" time="0.03"/>
  <testcase name="shouldReturnFloatNumber_whenPassTwoStringNumbers" classname="org.kata.stringcalculator.StringCalculatorTest" time="0.002"/>
  <testcase name="shouldThrowException_whenPassNegativeNumber" classname="org.kata.stringcalculator.StringCalculatorTest" time="0.003"/>
  <testcase name="shouldReturnFloatNumber_whenPassManyStringNumbersAndPipeDelimiter" classname="org.kata.stringcalculator.StringCalculatorTest" time="0.001"/>
  <testcase name="shouldReturnZero_whenPassEmptyStrings" classname="org.kata.stringcalculator.StringCalculatorTest" time="0.001"/>
  <testcase name="shouldReturnFloatNumber_whenPassManyStringNumbers" classname="org.kata.stringcalculator.StringCalculatorTest" time="0.001"/>
  <testcase name="shouldThrowException_whenPassNegativeNumbers" classname="org.kata.stringcalculator.StringCalculatorTest" time="0.001"/>
  <testcase name="shouldReturnFloatNumber_whenPassManyStringNumbersAndSepDelimiter" classname="org.kata.stringcalculator.StringCalculatorTest" time="0.001"/>
  <testcase name="shouldReturnFloatNumber_whenPassManyStringNumbersSeparateByNewLine" classname="org.kata.stringcalculator.StringCalculatorTest" time="0.001"/>
  <testcase name="shouldThrowException_whenPassCommaSeparatorAfterNumber" classname="org.kata.stringcalculator.StringCalculatorTest" time="0.001"/>
</testsuite>